<?xml version="1.0" encoding="UTF-8"?>
<!-- Generated by org.testng.reporters.JUnitReportReporter -->
<testsuite hostname="DESKTOP-TUU9F5D" failures="0" tests="3" name="AddingItemsTest.RightItems" time="2.991" errors="0" timestamp="2025-01-07T16:37:30 EET" skipped="0">
  <testcase classname="AddingItemsTest.RightItems" name="Login" time="0.564"/>
  <system-out/>
  <testcase classname="AddingItemsTest.RightItems" name="AddingRightItems" time="0.260"/>
  <system-out/>
  <testcase classname="AddingItemsTest.RightItems" name="LogOut" time="2.167"/>
  <system-out/>
</testsuite> <!-- AddingItemsTest.RightItems -->
